
> backend@3.1.0 start
> node src/server.js

🔧 Initializing Firebase Admin SDK...
📋 Project ID: financebay-3
📧 Client Email: firebase-adminsdk-fbsvc@financebay-3.iam.gserviceaccount.com
✅ Firebase Admin SDK initialized successfully
Database initialized successfully.
Currencies initialized successfully
Server is up and running on PORT:  5001
📱 Sending notification to user user_30b6NwyDi6cLl41eL5aWoEl5JwH with 1 tokens
📤 Sending to 1 Expo tokens
📤 Sending 1 notifications to Expo Push API
📋 Expo Push API response: {
  "data": [
    {
      "status": "ok",
      "id": "0198faad-82c2-7233-9452-453210b853c0"
    }
  ]
}
✅ Expo notification sent successfully to token: ExponentPushToken[ZY...
📊 Notification results: 1/1 successful
📋 Will check 1 push receipts in 15 minutes
✅ Push notification sent for transaction a9e7fcf0-3723-4234-843f-4b07ccdcfa6f
📊 Monthly limit check for user user_30b6NwyDi6cLl41eL5aWoEl5JwH:
  💰 Monthly limit: 4000.00 PLN
  💸 Current expenses: 3856.81 PLN
  ➕ New expense: 50.00 PLN
  📈 Total after transaction: 3906.81 PLN
  📊 Percentage used: 97.7%
📱 Sending notification to user user_30b6NwyDi6cLl41eL5aWoEl5JwH with 1 tokens
📤 Sending to 1 Expo tokens
📤 Sending 1 notifications to Expo Push API
📋 Expo Push API response: {
  "data": [
    {
      "status": "ok",
      "id": "0198faad-83cf-783e-9841-9c5ed9b581a9"
    }
  ]
}
✅ Expo notification sent successfully to token: ExponentPushToken[ZY...
📊 Notification results: 1/1 successful
📋 Will check 1 push receipts in 15 minutes
✅ Monthly limit notification sent to user user_30b6NwyDi6cLl41eL5aWoEl5JwH - 97.7% used
📱 Sending notification to user user_30b6NwyDi6cLl41eL5aWoEl5JwH with 1 tokens
📤 Sending to 1 Expo tokens
📤 Sending 1 notifications to Expo Push API
📋 Expo Push API response: {
  "data": [
    {
      "status": "ok",
      "id": "0198faad-b58a-7dac-b267-0c8810de07da"
    }
  ]
}
✅ Expo notification sent successfully to token: ExponentPushToken[ZY...
📊 Notification results: 1/1 successful
📋 Will check 1 push receipts in 15 minutes
✅ Push notification sent for transaction 11f17809-db65-4766-a04f-541fa6702a55
📊 Monthly limit check for user user_30b6NwyDi6cLl41eL5aWoEl5JwH:
  💰 Monthly limit: 4000.00 PLN
  💸 Current expenses: 4056.81 PLN
  ➕ New expense: 200.00 PLN
  📈 Total after transaction: 4256.81 PLN
  📊 Percentage used: 106.4%
📱 Sending notification to user user_30b6NwyDi6cLl41eL5aWoEl5JwH with 1 tokens
📤 Sending to 1 Expo tokens
📤 Sending 1 notifications to Expo Push API
📋 Expo Push API response: {
  "data": [
    {
      "status": "ok",
      "id": "0198faad-b694-7d1f-badf-5a38330dcf73"
    }
  ]
}
✅ Expo notification sent successfully to token: ExponentPushToken[ZY...
📊 Notification results: 1/1 successful
📋 Will check 1 push receipts in 15 minutes
✅ Monthly limit notification sent to user user_30b6NwyDi6cLl41eL5aWoEl5JwH - 106.4% used
