0 verbose cli /opt/homebrew/Cellar/node/24.2.0/bin/node /opt/homebrew/bin/npm
1 info using npm@11.5.2
2 info using node@v24.2.0
3 silly config load:file:/opt/homebrew/lib/node_modules/npm/npmrc
4 silly config load:file:/Users/janmager/Desktop/finance-bay-3-0/backend/.npmrc
5 silly config load:file:/Users/janmager/.npmrc
6 silly config load:file:/opt/homebrew/etc/npmrc
7 verbose title npm run dev
8 verbose argv "run" "dev"
9 verbose logfile logs-max:10 dir:/Users/janmager/Desktop/finance-bay-3-0/backend/.npm-cache/_logs/2025-08-29T09_13_15_775Z-
10 verbose logfile /Users/janmager/Desktop/finance-bay-3-0/backend/.npm-cache/_logs/2025-08-29T09_13_15_775Z-debug-0.log
11 silly logfile done cleaning log files
12 http fetch GET 200 https://registry.npmjs.org/npm 136ms
13 verbose cwd /Users/janmager/Desktop/finance-bay-3-0/backend
14 verbose os Darwin 24.4.0
15 verbose node v24.2.0
16 verbose npm  v11.5.2
17 verbose exit 1
18 verbose code 1
19 error A complete log of this run can be found in: /Users/janmager/Desktop/finance-bay-3-0/backend/.npm-cache/_logs/2025-08-29T09_13_15_775Z-debug-0.log
