0 verbose cli /opt/homebrew/Cellar/node/24.2.0/bin/node /opt/homebrew/bin/npm
1 info using npm@11.5.2
2 info using node@v24.2.0
3 silly config load:file:/opt/homebrew/lib/node_modules/npm/npmrc
4 silly config load:file:/Users/janmager/Desktop/finance-bay-3-0/backend/.npmrc
5 silly config load:file:/Users/janmager/.npmrc
6 silly config load:file:/opt/homebrew/etc/npmrc
7 verbose title npm list
8 verbose argv "list"
9 verbose logfile logs-max:10 dir:/Users/janmager/Desktop/finance-bay-3-0/backend/.npm-cache/_logs/2025-08-31T07_57_59_972Z-
10 verbose logfile /Users/janmager/Desktop/finance-bay-3-0/backend/.npm-cache/_logs/2025-08-31T07_57_59_972Z-debug-0.log
11 silly logfile start cleaning logs, removing 1 files
12 silly packumentCache heap:4496293888 maxSize:1124073472 maxEntrySize:562036736
13 silly logfile done cleaning log files
14 verbose cwd /Users/janmager/Desktop/finance-bay-3-0/backend
15 verbose os Darwin 24.4.0
16 verbose node v24.2.0
17 verbose npm  v11.5.2
18 verbose exit 0
19 info ok
